#
# A fatal error has been detected by the Java Runtime Environment:
#
#  SIGSEGV (0xb) at pc=0x000000010cdc3d20, pid=43813, tid=16131
#
# JRE version: Java(TM) SE Runtime Environment (8.0_40-b27) (build 1.8.0_40-b27)
# Java VM: Java HotSpot(TM) 64-Bit Server VM (25.40-b25 mixed mode bsd-amd64 compressed oops)
# Problematic frame:
# V  [libjvm.dylib+0x432d20]
#
# Failed to write core dump. Core dumps have been disabled. To enable core dumping, try "ulimit -c unlimited" before starting Java again
#
# If you would like to submit a bug report, please visit:
#   http://bugreport.java.com/bugreport/crash.jsp
#

---------------  T H R E A D  ---------------

Current thread (0x00007f9574863000):  JavaThread "JDWP Transport Listener: dt_socket" daemon [_thread_in_vm, id=16131, stack(0x0000700000935000,0x0000700000a35000)]

siginfo: si_signo: 11 (SIGSEGV), si_code: 0 (unknown), si_addr: 0x0000000000000000

Registers:
RAX=0x0000000000000001, RBX=0x0000700000a34a8b, RCX=0x000000010d18b190, RDX=0x0000700000a34a8b
RSP=0x0000700000a349d0, RBP=0x0000700000a349e0, RSI=0x00007f9574863000, RDI=0x65003b7200003b72
R8 =0x0000000000000000, R9 =0x00007f9576305940, R10=0x000000009ff66e22, R11=0x00007f9576000000
R12=0x00007f9574863000, R13=0x65003b7200003b72, R14=0x65003b7200003b72, R15=0x00007f9573c13f60
RIP=0x000000010cdc3d20, EFLAGS=0x0000000000010206, ERR=0x0000000000000000
  TRAPNO=0x000000000000000d

Top of Stack: (sp=0x0000700000a349d0)
0x0000700000a349d0:   0000700000a34a8b 0000700000a34a8b
0x0000700000a349e0:   0000700000a34a40 000000010ccd411a
0x0000700000a349f0:   00007f9574863000 0000000000000000
0x0000700000a34a00:   0000000000000000 0000000000000000
0x0000700000a34a10:   00007f9574863000 00007f9574863000
0x0000700000a34a20:   0000700000a34a8b 0000700000a34a90
0x0000700000a34a30:   65003b7200003b72 0000000000000006
0x0000700000a34a40:   0000700000a34a60 000000010d95e780
0x0000700000a34a50:   0000000000000001 0000700000a34b08
0x0000700000a34a60:   0000700000a34ad0 000000010d9431f3
0x0000700000a34a70:   0000700000a34aa0 00007f9576307050
0x0000700000a34a80:   0000000700000032 0000000a00a34b08
0x0000700000a34a90:   0000000000000000 0000000000000000
0x0000700000a34aa0:   0000000000000000 0000700000a34c90
0x0000700000a34ab0:   000000010d965e7a 00007f9573ccf7f0
0x0000700000a34ac0:   0000700000a34b08 000000010d971598
0x0000700000a34ad0:   0000700000a34ae0 000000010d9432ec
0x0000700000a34ae0:   0000700000a34d00 000000010d94c898
0x0000700000a34af0:   00005b4d00000013 00000000000f0200
0x0000700000a34b00:   00007f9573c2b710 0000700000a34c58
0x0000700000a34b10:   00007f950000002c 0000700000a34b20
0x0000700000a34b20:   0000000000000100 0000700000a34b58
0x0000700000a34b30:   0000000000000000 0000000000000000
0x0000700000a34b40:   00005b4d0000001c 00007fff00003c80
0x0000700000a34b50:   0000700000a34b58 957f000007000000
0x0000700000a34b60:   05000000300b2076 00000065726f6373
0x0000700000a34b70:   2f6176616a4c2815 7274532f676e616c
0x0000700000a34b80:   000049293b676e69 00000a0000000000
0x0000700000a34b90:   000098add373957f 3e74696e693c0600
0x0000700000a34ba0:   0056292803000000 0000000000000000
0x0000700000a34bb0:   00a8add373957f00 0074496f64040000
0x0000700000a34bc0:   616a4c2928140000 2f676e616c2f6176 

Instructions: (pc=0x000000010cdc3d20)
0x000000010cdc3d00:   40 48 48 85 c0 75 e0 30 c0 0f b6 c0 5d c3 31 c0
0x000000010cdc3d10:   5d c3 55 48 89 e5 53 48 83 ec 08 48 85 ff 74 24
0x000000010cdc3d20:   48 8b 1f 48 85 db 74 1c 48 83 fb 37 74 16 48 8b
0x000000010cdc3d30:   03 48 89 df ff 50 10 84 c0 b8 00 00 00 00 48 0f 

Register to memory mapping:

RAX=0x0000000000000001 is an unknown value
RBX=0x0000700000a34a8b is pointing into the stack for thread: 0x00007f9574863000
RCX=0x000000010d18b190: UseMembar+0 in /Library/Java/JavaVirtualMachines/jdk1.8.0_40.jdk/Contents/Home/jre/lib/server/libjvm.dylib at 0x000000010c991000
RDX=0x0000700000a34a8b is pointing into the stack for thread: 0x00007f9574863000
RSP=0x0000700000a349d0 is pointing into the stack for thread: 0x00007f9574863000
RBP=0x0000700000a349e0 is pointing into the stack for thread: 0x00007f9574863000
RSI=0x00007f9574863000 is a thread
RDI=0x65003b7200003b72 is an unknown value
R8 =0x0000000000000000 is an unknown value
R9 =0x00007f9576305940 is an unknown value
R10=0x000000009ff66e22 is an unknown value
R11=0x00007f9576000000 is an unknown value
R12=0x00007f9574863000 is a thread
R13=0x65003b7200003b72 is an unknown value
R14=0x65003b7200003b72 is an unknown value
R15=0x00007f9573c13f60 is an unknown value


Stack: [0x0000700000935000,0x0000700000a35000],  sp=0x0000700000a349d0,  free space=1022k
Native frames: (J=compiled Java code, j=interpreted, Vv=VM code, C=native code)
V  [libjvm.dylib+0x432d20]
V  [libjvm.dylib+0x34311a]
C  [libjdwp.dylib+0x20780]  isMethodSynthetic+0x63
C  [libjdwp.dylib+0x51f3]  methods1+0x10b
C  [libjdwp.dylib+0x52ec]  methodsWithGeneric+0xe
C  [libjdwp.dylib+0xe898]  debugLoop_run+0x1ce
C  [libjdwp.dylib+0x1f6ba]  attachThread+0x4d
V  [libjvm.dylib+0x384060]
V  [libjvm.dylib+0x549acf]
V  [libjvm.dylib+0x54b1c0]
V  [libjvm.dylib+0x46ea8e]
C  [libsystem_pthread.dylib+0x399d]  _pthread_body+0x83
C  [libsystem_pthread.dylib+0x391a]  _pthread_body+0x0
C  [libsystem_pthread.dylib+0x1351]  thread_start+0xd
C  0x0000000000000000


---------------  P R O C E S S  ---------------

Java Threads: ( => current thread )
  0x00007f95742c3000 JavaThread "TimerQueue" daemon [_thread_blocked, id=53251, stack(0x000070000155c000,0x000070000165c000)]
  0x00007f95742a5000 JavaThread "Java2D Disposer" daemon [_thread_blocked, id=52743, stack(0x0000700001459000,0x0000700001559000)]
  0x00007f9574148800 JavaThread "Java2D Queue Flusher" daemon [_thread_blocked, id=49927, stack(0x0000700001356000,0x0000700001456000)]
  0x00007f9574804000 JavaThread "DestroyJavaVM" [_thread_blocked, id=4099, stack(0x0000700000084000,0x0000700000184000)]
  0x00007f957413d800 JavaThread "AWT-EventQueue-0" [_thread_blocked, id=48131, stack(0x0000700001253000,0x0000700001353000)]
  0x00007f957491e000 JavaThread "AWT-Shutdown" [_thread_blocked, id=28691, stack(0x00007000010cd000,0x00007000011cd000)]
  0x00007f95748e4000 JavaThread "AppKit Thread" daemon [_thread_in_native, id=2571, stack(0x00007fff52ceb000,0x00007fff534eb000)]
  0x00007f957404a800 JavaThread "Service Thread" daemon [_thread_blocked, id=18691, stack(0x0000700000e44000,0x0000700000f44000)]
  0x00007f9574056800 JavaThread "C1 CompilerThread1" daemon [_thread_blocked, id=18179, stack(0x0000700000d41000,0x0000700000e41000)]
  0x00007f9574865000 JavaThread "C2 CompilerThread0" daemon [_thread_blocked, id=17667, stack(0x0000700000c3e000,0x0000700000d3e000)]
  0x00007f9574864800 JavaThread "JDWP Command Reader" daemon [_thread_in_native, id=17155, stack(0x0000700000b3b000,0x0000700000c3b000)]
  0x00007f9574863800 JavaThread "JDWP Event Helper Thread" daemon [_thread_blocked, id=16643, stack(0x0000700000a38000,0x0000700000b38000)]
=>0x00007f9574863000 JavaThread "JDWP Transport Listener: dt_socket" daemon [_thread_in_vm, id=16131, stack(0x0000700000935000,0x0000700000a35000)]
  0x00007f9574859000 JavaThread "Signal Dispatcher" daemon [_thread_blocked, id=12815, stack(0x0000700000832000,0x0000700000932000)]
  0x00007f9574031800 JavaThread "Finalizer" daemon [_thread_blocked, id=11267, stack(0x0000700000629000,0x0000700000729000)]
  0x00007f9574030800 JavaThread "Reference Handler" daemon [_thread_blocked, id=10755, stack(0x0000700000526000,0x0000700000626000)]

Other Threads:
  0x00007f957402e000 VMThread [stack: 0x0000700000423000,0x0000700000523000] [id=10243]
  0x00007f957404b800 WatcherThread [stack: 0x0000700000f47000,0x0000700001047000] [id=19203]

VM state:not at safepoint (normal execution)

VM Mutex/Monitor currently owned by a thread: None

Heap:
 PSYoungGen      total 9728K, used 7094K [0x00000007b5580000, 0x00000007b6000000, 0x00000007c0000000)
  eden space 8704K, 81% used [0x00000007b5580000,0x00000007b5c6d898,0x00000007b5e00000)
  from space 1024K, 0% used [0x00000007b5f00000,0x00000007b5f00000,0x00000007b6000000)
  to   space 1024K, 0% used [0x00000007b5e00000,0x00000007b5e00000,0x00000007b5f00000)
 ParOldGen       total 22016K, used 0K [0x00000007a0000000, 0x00000007a1580000, 0x00000007b5580000)
  object space 22016K, 0% used [0x00000007a0000000,0x00000007a0000000,0x00000007a1580000)
 Metaspace       used 11361K, capacity 11548K, committed 11776K, reserved 1058816K
  class space    used 1417K, capacity 1483K, committed 1536K, reserved 1048576K

Card table byte_map: [0x000000011d1c0000,0x000000011d2c1000] byte_map_base: 0x00000001194c0000

Marking Bits: (ParMarkBitMap*) 0x000000010d2537a0
 Begin Bits: [0x000000011d36c000, 0x000000011db6c000)
 End Bits:   [0x000000011db6c000, 0x000000011e36c000)

Polling page: 0x000000010d93d000

CodeCache: size=245760Kb used=2175Kb max_used=2187Kb free=243584Kb
 bounds [0x000000010de00000, 0x000000010e070000, 0x000000011ce00000]
 total_blobs=1019 nmethods=516 adapters=427
 compilation: enabled

Compilation events (10 events):
Event: 511.602 Thread 0x00007f9574056800  512   !   3       sun.awt.AWTAutoShutdown::setToolkitBusy (124 bytes)
Event: 511.607 Thread 0x00007f9574056800 nmethod 512 0x000000010e01e710 code [0x000000010e01e8e0, 0x000000010e01f1a8]
Event: 537.438 Thread 0x00007f9574865000  513       4       java.util.concurrent.locks.AbstractQueuedSynchronizer::release (33 bytes)
Event: 537.462 Thread 0x00007f9574865000 nmethod 513 0x000000010e0222d0 code [0x000000010e022420, 0x000000010e022578]
Event: 551.201 Thread 0x00007f9574865000  514       4       sun.java2d.pipe.RenderQueue::unlock (4 bytes)
Event: 551.205 Thread 0x00007f9574865000 nmethod 514 0x000000010e020890 code [0x000000010e0209e0, 0x000000010e020b58]
Event: 553.568 Thread 0x00007f9574865000  515       4       java.util.concurrent.locks.ReentrantLock$Sync::nonfairTryAcquire (67 bytes)
Event: 553.571 Thread 0x00007f9574865000 nmethod 515 0x000000010e020590 code [0x000000010e0206e0, 0x000000010e0207b8]
Event: 554.653 Thread 0x00007f9574865000  516       4       sun.java2d.pipe.RenderQueue::tryLock (4 bytes)
Event: 554.655 Thread 0x00007f9574865000 nmethod 516 0x000000010e020150 code [0x000000010e0202a0, 0x000000010e0203d8]

GC Heap History (0 events):
No events

Deoptimization events (7 events):
Event: 1.434 Thread 0x00007f95748e4000 Uncommon trap: reason=null_check action=make_not_entrant pc=0x000000010df58964 method=java.lang.String.equals(Ljava/lang/Object;)Z @ 8
Event: 1.756 Thread 0x00007f957413d800 Uncommon trap: reason=class_check action=maybe_recompile pc=0x000000010df70378 method=java.lang.String.equals(Ljava/lang/Object;)Z @ 8
Event: 1.756 Thread 0x00007f957413d800 Uncommon trap: reason=class_check action=maybe_recompile pc=0x000000010df70378 method=java.lang.String.equals(Ljava/lang/Object;)Z @ 8
Event: 1.756 Thread 0x00007f957413d800 Uncommon trap: reason=class_check action=maybe_recompile pc=0x000000010df70378 method=java.lang.String.equals(Ljava/lang/Object;)Z @ 8
Event: 1.756 Thread 0x00007f957413d800 Uncommon trap: reason=class_check action=maybe_recompile pc=0x000000010df70378 method=java.lang.String.equals(Ljava/lang/Object;)Z @ 8
Event: 3.256 Thread 0x00007f957413d800 Uncommon trap: reason=unstable_if action=reinterpret pc=0x000000010e012c14 method=java.lang.String.replace(CC)Ljava/lang/String; @ 26
Event: 3.256 Thread 0x00007f957413d800 Uncommon trap: reason=unstable_if action=reinterpret pc=0x000000010dfd7084 method=java.lang.String.toLowerCase(Ljava/util/Locale;)Ljava/lang/String; @ 22

Internal exceptions (10 events):
Event: 0.975 Thread 0x00007f95748e4000 Exception <a 'java/lang/NoSuchFieldError': method resolution failed> (0x00000007b5805be8) thrown at [/Users/java_re/workspace/8-2-build-macosx-x86_64/jdk8u40/3153/hotspot/src/share/vm/prims/methodHandles.cpp, line 1125]
Event: 1.016 Thread 0x00007f95748e4000 Exception <a 'java/lang/NoSuchFieldError': method resolution failed> (0x00000007b58142e8) thrown at [/Users/java_re/workspace/8-2-build-macosx-x86_64/jdk8u40/3153/hotspot/src/share/vm/prims/methodHandles.cpp, line 1125]
Event: 1.434 Thread 0x00007f95748e4000 Implicit null exception at 0x000000010df586c6 to 0x000000010df58955
Event: 1.672 Thread 0x00007f957413d800 Exception <a 'java/lang/ClassNotFoundException': java/lang/ObjectCustomizer> (0x00000007b59a3fc8) thrown at [/Users/java_re/workspace/8-2-build-macosx-x86_64/jdk8u40/3153/hotspot/src/share/vm/classfile/systemDictionary.cpp, line 210]
Event: 1.676 Thread 0x00007f957413d800 Exception <a 'java/lang/ArrayIndexOutOfBoundsException': 18> (0x00000007b59a6580) thrown at [/Users/java_re/workspace/8-2-build-macosx-x86_64/jdk8u40/3153/hotspot/src/share/vm/interpreter/interpreterRuntime.cpp, line 366]
Event: 1.678 Thread 0x00007f957413d800 Exception <a 'java/lang/ArrayIndexOutOfBoundsException': 22> (0x00000007b59a9880) thrown at [/Users/java_re/workspace/8-2-build-macosx-x86_64/jdk8u40/3153/hotspot/src/share/vm/interpreter/interpreterRuntime.cpp, line 366]
Event: 1.681 Thread 0x00007f957413d800 Exception <a 'java/lang/ArrayIndexOutOfBoundsException': 160> (0x00000007b59abba8) thrown at [/Users/java_re/workspace/8-2-build-macosx-x86_64/jdk8u40/3153/hotspot/src/share/vm/interpreter/interpreterRuntime.cpp, line 366]
Event: 1.687 Thread 0x00007f957413d800 Exception <a 'java/lang/ClassNotFoundException': net/miginfocom/layout/UnitValueCustomizer> (0x00000007b59b3a08) thrown at [/Users/java_re/workspace/8-2-build-macosx-x86_64/jdk8u40/3153/hotspot/src/share/vm/classfile/systemDictionary.cpp, line 210]
Event: 1.694 Thread 0x00007f957413d800 Exception <a 'java/lang/ClassNotFoundException': java/lang/ObjectCustomizer> (0x00000007b59ce658) thrown at [/Users/java_re/workspace/8-2-build-macosx-x86_64/jdk8u40/3153/hotspot/src/share/vm/classfile/systemDictionary.cpp, line 210]
Event: 1.699 Thread 0x00007f957413d800 Exception <a 'java/lang/ClassNotFoundException': net/miginfocom/layout/BoundSizeCustomizer> (0x00000007b59d7c58) thrown at [/Users/java_re/workspace/8-2-build-macosx-x86_64/jdk8u40/3153/hotspot/src/share/vm/classfile/systemDictionary.cpp, line 210]

Events (10 events):
Event: 1263.203 Executing VM operation: GetCurrentLocation
Event: 1263.223 Executing VM operation: GetCurrentLocation done
Event: 1263.223 Executing VM operation: EnterInterpOnlyMode
Event: 1263.224 Executing VM operation: EnterInterpOnlyMode done
Event: 1263.232 Executing VM operation: ChangeSingleStep
Event: 1263.232 Executing VM operation: ChangeSingleStep done
Event: 1263.254 Executing VM operation: ChangeSingleStep
Event: 1263.254 Executing VM operation: ChangeSingleStep done
Event: 1263.547 Executing VM operation: RedefineClasses
Event: 1263.632 Executing VM operation: RedefineClasses done


Dynamic libraries:
0x000000000773b000 	/System/Library/Frameworks/Cocoa.framework/Versions/A/Cocoa
0x000000000773b000 	/System/Library/Frameworks/Security.framework/Versions/A/Security
0x000000000773b000 	/System/Library/Frameworks/ApplicationServices.framework/Versions/A/ApplicationServices
0x000000000773b000 	/usr/lib/libz.1.dylib
0x000000000773b000 	/usr/lib/libSystem.B.dylib
0x000000000773b000 	/usr/lib/libobjc.A.dylib
0x000000000773b000 	/System/Library/Frameworks/CoreFoundation.framework/Versions/A/CoreFoundation
0x000000000773b000 	/System/Library/Frameworks/Foundation.framework/Versions/C/Foundation
0x000000000773b000 	/System/Library/Frameworks/AppKit.framework/Versions/C/AppKit
0x000000000773b000 	/System/Library/Frameworks/CoreData.framework/Versions/A/CoreData
0x000000000773b000 	/System/Library/PrivateFrameworks/RemoteViewServices.framework/Versions/A/RemoteViewServices
0x000000000773b000 	/System/Library/PrivateFrameworks/UIFoundation.framework/Versions/A/UIFoundation
0x000000000773b000 	/usr/lib/libScreenReader.dylib
0x000000000773b000 	/System/Library/Frameworks/Accelerate.framework/Versions/A/Accelerate
0x000000000773b000 	/System/Library/Frameworks/IOSurface.framework/Versions/A/IOSurface
0x000000000773b000 	/System/Library/Frameworks/AudioToolbox.framework/Versions/A/AudioToolbox
0x000000000773b000 	/System/Library/Frameworks/AudioUnit.framework/Versions/A/AudioUnit
0x000000000773b000 	/System/Library/PrivateFrameworks/DataDetectorsCore.framework/Versions/A/DataDetectorsCore
0x000000000773b000 	/System/Library/PrivateFrameworks/DesktopServicesPriv.framework/Versions/A/DesktopServicesPriv
0x000000000773b000 	/System/Library/Frameworks/Carbon.framework/Versions/A/Frameworks/HIToolbox.framework/Versions/A/HIToolbox
0x000000000773b000 	/System/Library/Frameworks/QuartzCore.framework/Versions/A/QuartzCore
0x000000000773b000 	/System/Library/Frameworks/Carbon.framework/Versions/A/Frameworks/SpeechRecognition.framework/Versions/A/SpeechRecognition
0x000000000773b000 	/usr/lib/libauto.dylib
0x000000000773b000 	/usr/lib/libicucore.A.dylib
0x000000000773b000 	/usr/lib/libxml2.2.dylib
0x000000000773b000 	/System/Library/PrivateFrameworks/CoreUI.framework/Versions/A/CoreUI
0x000000000773b000 	/System/Library/Frameworks/CoreAudio.framework/Versions/A/CoreAudio
0x000000000773b000 	/System/Library/Frameworks/DiskArbitration.framework/Versions/A/DiskArbitration
0x000000000773b000 	/usr/lib/liblangid.dylib
0x000000000773b000 	/System/Library/PrivateFrameworks/MultitouchSupport.framework/Versions/A/MultitouchSupport
0x000000000773b000 	/System/Library/Frameworks/IOKit.framework/Versions/A/IOKit
0x000000000773b000 	/usr/lib/libDiagnosticMessagesClient.dylib
0x000000000773b000 	/System/Library/Frameworks/CoreServices.framework/Versions/A/CoreServices
0x000000000773b000 	/System/Library/PrivateFrameworks/PerformanceAnalysis.framework/Versions/A/PerformanceAnalysis
0x000000000773b000 	/System/Library/PrivateFrameworks/GenerationalStorage.framework/Versions/A/GenerationalStorage
0x000000000773b000 	/System/Library/Frameworks/OpenGL.framework/Versions/A/OpenGL
0x000000000773b000 	/System/Library/PrivateFrameworks/Sharing.framework/Versions/A/Sharing
0x000000000773b000 	/System/Library/Frameworks/CoreGraphics.framework/Versions/A/CoreGraphics
0x000000000773b000 	/System/Library/Frameworks/CoreImage.framework/Versions/A/CoreImage
0x000000000773b000 	/System/Library/Frameworks/CoreText.framework/Versions/A/CoreText
0x000000000773b000 	/System/Library/Frameworks/ImageIO.framework/Versions/A/ImageIO
0x000000000773b000 	/System/Library/PrivateFrameworks/Backup.framework/Versions/A/Backup
0x000000000773b000 	/usr/lib/libextension.dylib
0x000000000773b000 	/usr/lib/libarchive.2.dylib
0x000000000773b000 	/System/Library/Frameworks/CFNetwork.framework/Versions/A/CFNetwork
0x000000000773b000 	/System/Library/Frameworks/SystemConfiguration.framework/Versions/A/SystemConfiguration
0x000000000773b000 	/usr/lib/libCRFSuite.dylib
0x000000000773b000 	/usr/lib/libc++.1.dylib
0x000000000773b000 	/usr/lib/libc++abi.dylib
0x000000000773b000 	/usr/lib/system/libcache.dylib
0x000000000773b000 	/usr/lib/system/libcommonCrypto.dylib
0x000000000773b000 	/usr/lib/system/libcompiler_rt.dylib
0x000000000773b000 	/usr/lib/system/libcopyfile.dylib
0x000000000773b000 	/usr/lib/system/libcorecrypto.dylib
0x000000000773b000 	/usr/lib/system/libdispatch.dylib
0x000000000773b000 	/usr/lib/system/libdyld.dylib
0x000000000773b000 	/usr/lib/system/libkeymgr.dylib
0x000000000773b000 	/usr/lib/system/liblaunch.dylib
0x000000000773b000 	/usr/lib/system/libmacho.dylib
0x000000000773b000 	/usr/lib/system/libquarantine.dylib
0x000000000773b000 	/usr/lib/system/libremovefile.dylib
0x000000000773b000 	/usr/lib/system/libsystem_asl.dylib
0x000000000773b000 	/usr/lib/system/libsystem_blocks.dylib
0x000000000773b000 	/usr/lib/system/libsystem_c.dylib
0x000000000773b000 	/usr/lib/system/libsystem_configuration.dylib
0x000000000773b000 	/usr/lib/system/libsystem_coreservices.dylib
0x000000000773b000 	/usr/lib/system/libsystem_coretls.dylib
0x000000000773b000 	/usr/lib/system/libsystem_dnssd.dylib
0x000000000773b000 	/usr/lib/system/libsystem_info.dylib
0x000000000773b000 	/usr/lib/system/libsystem_kernel.dylib
0x000000000773b000 	/usr/lib/system/libsystem_m.dylib
0x000000000773b000 	/usr/lib/system/libsystem_malloc.dylib
0x000000000773b000 	/usr/lib/system/libsystem_network.dylib
0x000000000773b000 	/usr/lib/system/libsystem_networkextension.dylib
0x000000000773b000 	/usr/lib/system/libsystem_notify.dylib
0x000000000773b000 	/usr/lib/system/libsystem_platform.dylib
0x000000000773b000 	/usr/lib/system/libsystem_pthread.dylib
0x000000000773b000 	/usr/lib/system/libsystem_sandbox.dylib
0x000000000773b000 	/usr/lib/system/libsystem_secinit.dylib
0x000000000773b000 	/usr/lib/system/libsystem_trace.dylib
0x000000000773b000 	/usr/lib/system/libunc.dylib
0x000000000773b000 	/usr/lib/system/libunwind.dylib
0x000000000773b000 	/usr/lib/system/libxpc.dylib
0x000000000773b000 	/usr/lib/libenergytrace.dylib
0x000000000773b000 	/usr/lib/libbsm.0.dylib
0x000000000773b000 	/usr/lib/system/libkxld.dylib
0x000000000773b000 	/usr/lib/libxar.1.dylib
0x000000000773b000 	/usr/lib/libsqlite3.dylib
0x000000000773b000 	/usr/lib/libpam.2.dylib
0x000000000773b000 	/usr/lib/libOpenScriptingUtil.dylib
0x000000000773b000 	/usr/lib/libbz2.1.0.dylib
0x000000000773b000 	/usr/lib/liblzma.5.dylib
0x000000000773b000 	/System/Library/Frameworks/CoreServices.framework/Versions/A/Frameworks/FSEvents.framework/Versions/A/FSEvents
0x000000000773b000 	/System/Library/Frameworks/CoreServices.framework/Versions/A/Frameworks/CarbonCore.framework/Versions/A/CarbonCore
0x000000000773b000 	/System/Library/Frameworks/CoreServices.framework/Versions/A/Frameworks/Metadata.framework/Versions/A/Metadata
0x000000000773b000 	/System/Library/Frameworks/CoreServices.framework/Versions/A/Frameworks/OSServices.framework/Versions/A/OSServices
0x000000000773b000 	/System/Library/Frameworks/CoreServices.framework/Versions/A/Frameworks/SearchKit.framework/Versions/A/SearchKit
0x000000000773b000 	/System/Library/Frameworks/CoreServices.framework/Versions/A/Frameworks/AE.framework/Versions/A/AE
0x000000000773b000 	/System/Library/Frameworks/CoreServices.framework/Versions/A/Frameworks/LaunchServices.framework/Versions/A/LaunchServices
0x000000000773b000 	/System/Library/Frameworks/CoreServices.framework/Versions/A/Frameworks/DictionaryServices.framework/Versions/A/DictionaryServices
0x000000000773b000 	/System/Library/Frameworks/CoreServices.framework/Versions/A/Frameworks/SharedFileList.framework/Versions/A/SharedFileList
0x000000000773b000 	/System/Library/Frameworks/NetFS.framework/Versions/A/NetFS
0x000000000773b000 	/System/Library/PrivateFrameworks/NetAuth.framework/Versions/A/NetAuth
0x000000000773b000 	/System/Library/PrivateFrameworks/login.framework/Versions/A/Frameworks/loginsupport.framework/Versions/A/loginsupport
0x000000000773b000 	/System/Library/PrivateFrameworks/TCC.framework/Versions/A/TCC
0x000000000773b000 	/usr/lib/libmecabra.dylib
0x000000000773b000 	/System/Library/Frameworks/ApplicationServices.framework/Versions/A/Frameworks/ATS.framework/Versions/A/ATS
0x000000000773b000 	/System/Library/Frameworks/ApplicationServices.framework/Versions/A/Frameworks/ColorSync.framework/Versions/A/ColorSync
0x000000000773b000 	/System/Library/Frameworks/ApplicationServices.framework/Versions/A/Frameworks/HIServices.framework/Versions/A/HIServices
0x000000000773b000 	/System/Library/Frameworks/ApplicationServices.framework/Versions/A/Frameworks/LangAnalysis.framework/Versions/A/LangAnalysis
0x000000000773b000 	/System/Library/Frameworks/ApplicationServices.framework/Versions/A/Frameworks/PrintCore.framework/Versions/A/PrintCore
0x000000000773b000 	/System/Library/Frameworks/ApplicationServices.framework/Versions/A/Frameworks/QD.framework/Versions/A/QD
0x000000000773b000 	/System/Library/Frameworks/ApplicationServices.framework/Versions/A/Frameworks/SpeechSynthesis.framework/Versions/A/SpeechSynthesis
0x000000000773b000 	/System/Library/Frameworks/Metal.framework/Versions/A/Metal
0x000000000773b000 	/System/Library/Frameworks/Accelerate.framework/Versions/A/Frameworks/vImage.framework/Versions/A/vImage
0x000000000773b000 	/System/Library/Frameworks/Accelerate.framework/Versions/A/Frameworks/vecLib.framework/Versions/A/vecLib
0x000000000773b000 	/System/Library/Frameworks/Accelerate.framework/Versions/A/Frameworks/vecLib.framework/Versions/A/libvDSP.dylib
0x000000000773b000 	/System/Library/Frameworks/Accelerate.framework/Versions/A/Frameworks/vecLib.framework/Versions/A/libvMisc.dylib
0x000000000773b000 	/System/Library/Frameworks/Accelerate.framework/Versions/A/Frameworks/vecLib.framework/Versions/A/libLAPACK.dylib
0x000000000773b000 	/System/Library/Frameworks/Accelerate.framework/Versions/A/Frameworks/vecLib.framework/Versions/A/libBLAS.dylib
0x000000000773b000 	/System/Library/Frameworks/Accelerate.framework/Versions/A/Frameworks/vecLib.framework/Versions/A/libLinearAlgebra.dylib
0x000000000773b000 	/System/Library/Frameworks/Accelerate.framework/Versions/A/Frameworks/vecLib.framework/Versions/A/libSparseBLAS.dylib
0x000000000773b000 	/System/Library/PrivateFrameworks/GPUCompiler.framework/libmetal_timestamp.dylib
0x000000000773b000 	/System/Library/Frameworks/OpenGL.framework/Versions/A/Libraries/libCoreFSCache.dylib
0x000000000773b000 	/System/Library/PrivateFrameworks/IOAccelerator.framework/Versions/A/IOAccelerator
0x000000000773b000 	/System/Library/Frameworks/ApplicationServices.framework/Versions/A/Frameworks/ATS.framework/Versions/A/Resources/libFontParser.dylib
0x000000000773b000 	/System/Library/Frameworks/ApplicationServices.framework/Versions/A/Frameworks/ATS.framework/Versions/A/Resources/libFontRegistry.dylib
0x000000000773b000 	/System/Library/PrivateFrameworks/AppleVPA.framework/Versions/A/AppleVPA
0x000000000773b000 	/System/Library/PrivateFrameworks/AppleJPEG.framework/Versions/A/AppleJPEG
0x000000000773b000 	/System/Library/Frameworks/ImageIO.framework/Versions/A/Resources/libJPEG.dylib
0x000000000773b000 	/System/Library/Frameworks/ImageIO.framework/Versions/A/Resources/libTIFF.dylib
0x000000000773b000 	/System/Library/Frameworks/ImageIO.framework/Versions/A/Resources/libPng.dylib
0x000000000773b000 	/System/Library/Frameworks/ImageIO.framework/Versions/A/Resources/libGIF.dylib
0x000000000773b000 	/System/Library/Frameworks/ImageIO.framework/Versions/A/Resources/libJP2.dylib
0x000000000773b000 	/System/Library/Frameworks/ImageIO.framework/Versions/A/Resources/libRadiance.dylib
0x000000000773b000 	/System/Library/Frameworks/CoreVideo.framework/Versions/A/CoreVideo
0x000000000773b000 	/System/Library/Frameworks/OpenGL.framework/Versions/A/Libraries/libGLU.dylib
0x000000000773b000 	/System/Library/Frameworks/OpenGL.framework/Versions/A/Libraries/libGFXShared.dylib
0x000000000773b000 	/System/Library/Frameworks/OpenGL.framework/Versions/A/Libraries/libGL.dylib
0x000000000773b000 	/System/Library/Frameworks/OpenGL.framework/Versions/A/Libraries/libGLImage.dylib
0x000000000773b000 	/System/Library/Frameworks/OpenGL.framework/Versions/A/Libraries/libCVMSPluginSupport.dylib
0x000000000773b000 	/System/Library/Frameworks/OpenGL.framework/Versions/A/Libraries/libCoreVMClient.dylib
0x000000000773b000 	/usr/lib/libcups.2.dylib
0x000000000773b000 	/System/Library/Frameworks/Kerberos.framework/Versions/A/Kerberos
0x000000000773b000 	/System/Library/Frameworks/GSS.framework/Versions/A/GSS
0x000000000773b000 	/usr/lib/libresolv.9.dylib
0x000000000773b000 	/usr/lib/libiconv.2.dylib
0x000000000773b000 	/System/Library/PrivateFrameworks/Heimdal.framework/Versions/A/Heimdal
0x000000000773b000 	/usr/lib/libheimdal-asn1.dylib
0x000000000773b000 	/System/Library/Frameworks/OpenDirectory.framework/Versions/A/OpenDirectory
0x000000000773b000 	/System/Library/PrivateFrameworks/CommonAuth.framework/Versions/A/CommonAuth
0x000000000773b000 	/System/Library/Frameworks/OpenDirectory.framework/Versions/A/Frameworks/CFOpenDirectory.framework/Versions/A/CFOpenDirectory
0x000000000773b000 	/System/Library/Frameworks/SecurityFoundation.framework/Versions/A/SecurityFoundation
0x000000000773b000 	/System/Library/PrivateFrameworks/LanguageModeling.framework/Versions/A/LanguageModeling
0x000000000773b000 	/usr/lib/libmarisa.dylib
0x000000000773b000 	/usr/lib/libChineseTokenizer.dylib
0x000000000773b000 	/usr/lib/libcmph.dylib
0x000000000773b000 	/usr/lib/libcompression.dylib
0x000000000773b000 	/System/Library/Frameworks/ServiceManagement.framework/Versions/A/ServiceManagement
0x000000000773b000 	/usr/lib/libxslt.1.dylib
0x000000000773b000 	/System/Library/Frameworks/Carbon.framework/Versions/A/Frameworks/Ink.framework/Versions/A/Ink
0x000000000773b000 	/usr/lib/libFosl_dynamic.dylib
0x000000000773b000 	/System/Library/PrivateFrameworks/FaceCore.framework/Versions/A/FaceCore
0x000000000773b000 	/System/Library/Frameworks/OpenCL.framework/Versions/A/OpenCL
0x000000000773b000 	/System/Library/PrivateFrameworks/CrashReporterSupport.framework/Versions/A/CrashReporterSupport
0x000000000773b000 	/System/Library/PrivateFrameworks/IconServices.framework/Versions/A/IconServices
0x000000000773b000 	/System/Library/PrivateFrameworks/Apple80211.framework/Versions/A/Apple80211
0x000000000773b000 	/System/Library/Frameworks/CoreWLAN.framework/Versions/A/CoreWLAN
0x000000000773b000 	/System/Library/Frameworks/IOBluetooth.framework/Versions/A/IOBluetooth
0x000000000773b000 	/System/Library/PrivateFrameworks/CoreWiFi.framework/Versions/A/CoreWiFi
0x000000000773b000 	/System/Library/Frameworks/CoreBluetooth.framework/Versions/A/CoreBluetooth
0x000000000773b000 	/System/Library/PrivateFrameworks/ChunkingLibrary.framework/Versions/A/ChunkingLibrary
0x000000000773b000 	/System/Library/PrivateFrameworks/DebugSymbols.framework/Versions/A/DebugSymbols
0x000000000773b000 	/System/Library/PrivateFrameworks/CoreSymbolication.framework/Versions/A/CoreSymbolication
0x000000000773b000 	/System/Library/PrivateFrameworks/Symbolication.framework/Versions/A/Symbolication
0x000000000773b000 	/System/Library/PrivateFrameworks/SpeechRecognitionCore.framework/Versions/A/SpeechRecognitionCore
0x000000010c991000 	/Library/Java/JavaVirtualMachines/jdk1.8.0_40.jdk/Contents/Home/jre/lib/server/libjvm.dylib
0x000000000773b000 	/usr/lib/libstdc++.6.dylib
0x000000010d8fa000 	/Library/Java/JavaVirtualMachines/jdk1.8.0_40.jdk/Contents/Home/jre/lib/libverify.dylib
0x000000010d908000 	/Library/Java/JavaVirtualMachines/jdk1.8.0_40.jdk/Contents/Home/jre/lib/libjava.dylib
0x000000010d93e000 	/Library/Java/JavaVirtualMachines/jdk1.8.0_40.jdk/Contents/Home/jre/lib/libjdwp.dylib
0x000000010d989000 	/Library/Java/JavaVirtualMachines/jdk1.8.0_40.jdk/Contents/Home/jre/lib/libnpt.dylib
0x000000010d99a000 	/Library/Java/JavaVirtualMachines/jdk1.8.0_40.jdk/Contents/Home/jre/lib/libzip.dylib
0x000000011f8b2000 	/System/Library/Frameworks/JavaVM.framework/Frameworks/JavaRuntimeSupport.framework/JavaRuntimeSupport
0x000000011f8cd000 	/System/Library/Frameworks/JavaVM.framework/Versions/A/Frameworks/JavaNativeFoundation.framework/Versions/A/JavaNativeFoundation
0x000000011f8e2000 	/System/Library/Frameworks/JavaVM.framework/Versions/A/JavaVM
0x000000000773b000 	/System/Library/Frameworks/Carbon.framework/Versions/A/Carbon
0x000000011f8ef000 	/System/Library/PrivateFrameworks/JavaLaunching.framework/Versions/A/JavaLaunching
0x000000000773b000 	/System/Library/Frameworks/Carbon.framework/Versions/A/Frameworks/CommonPanels.framework/Versions/A/CommonPanels
0x000000000773b000 	/System/Library/Frameworks/Carbon.framework/Versions/A/Frameworks/Help.framework/Versions/A/Help
0x000000000773b000 	/System/Library/Frameworks/Carbon.framework/Versions/A/Frameworks/ImageCapture.framework/Versions/A/ImageCapture
0x000000000773b000 	/System/Library/Frameworks/Carbon.framework/Versions/A/Frameworks/OpenScripting.framework/Versions/A/OpenScripting
0x000000000773b000 	/System/Library/Frameworks/Carbon.framework/Versions/A/Frameworks/Print.framework/Versions/A/Print
0x000000000773b000 	/System/Library/Frameworks/Carbon.framework/Versions/A/Frameworks/SecurityHI.framework/Versions/A/SecurityHI
0x000000012120d000 	/Library/Java/JavaVirtualMachines/jdk1.8.0_40.jdk/Contents/Home/jre/lib/libdt_socket.dylib
0x000000012122c000 	/Library/Java/JavaVirtualMachines/jdk1.8.0_40.jdk/Contents/Home/jre/lib/libawt.dylib
0x00000001212d4000 	/Library/Java/JavaVirtualMachines/jdk1.8.0_40.jdk/Contents/Home/jre/lib/./libmlib_image.dylib
0x00000001213a0000 	/Library/Java/JavaVirtualMachines/jdk1.8.0_40.jdk/Contents/Home/jre/lib/libawt_lwawt.dylib
0x0000000121454000 	/Library/Java/JavaVirtualMachines/jdk1.8.0_40.jdk/Contents/Home/jre/lib/./libosxapp.dylib
0x000000000773b000 	/System/Library/Frameworks/ExceptionHandling.framework/Versions/A/ExceptionHandling
0x000000000773b000 	/System/Library/PrivateFrameworks/CoreServicesInternal.framework/Versions/A/CoreServicesInternal
0x000000000773b000 	/System/Library/Frameworks/CoreGraphics.framework/Versions/A/Resources/libRIP.A.dylib
0x000000000773b000 	/System/Library/Frameworks/Accelerate.framework/Versions/A/Frameworks/vImage.framework/Versions/A/Libraries/libCGInterfaces.dylib
0x000000000773b000 	/System/Library/Frameworks/CoreGraphics.framework/Versions/A/Resources/libCGXType.A.dylib
0x000000000773b000 	/System/Library/Frameworks/OpenCL.framework/Versions/A/Libraries/libcldcpuengine.dylib
0x000000000773b000 	/System/Library/PrivateFrameworks/DiskImages.framework/Versions/A/DiskImages
0x000000000773b000 	/System/Library/Frameworks/DiscRecording.framework/Versions/A/DiscRecording
0x000000000773b000 	/usr/lib/libcsfde.dylib
0x000000000773b000 	/usr/lib/libcurl.4.dylib
0x000000000773b000 	/System/Library/PrivateFrameworks/MediaKit.framework/Versions/A/MediaKit
0x000000000773b000 	/System/Library/PrivateFrameworks/ProtectedCloudStorage.framework/Versions/A/ProtectedCloudStorage
0x000000000773b000 	/usr/lib/libCoreStorage.dylib
0x000000000773b000 	/System/Library/PrivateFrameworks/EFILogin.framework/Versions/A/EFILogin
0x000000000773b000 	/usr/lib/libutil.dylib
0x000000000773b000 	/System/Library/PrivateFrameworks/FindMyDevice.framework/Versions/A/FindMyDevice
0x000000000773b000 	/System/Library/Frameworks/LDAP.framework/Versions/A/LDAP
0x000000000773b000 	/usr/lib/libsasl2.2.dylib
0x000000000773b000 	/System/Library/PrivateFrameworks/CoreDaemon.framework/Versions/B/CoreDaemon
0x000000000773b000 	/usr/lib/libcrypto.0.9.8.dylib
0x000000000773b000 	/System/Library/PrivateFrameworks/AppleSRP.framework/Versions/A/AppleSRP
0x000000000773b000 	/System/Library/PrivateFrameworks/TrustEvaluationAgent.framework/Versions/A/TrustEvaluationAgent
0x0000000122e0e000 	cl_kernels
0x000000000773b000 	/System/Library/Frameworks/OpenCL.framework/Versions/A/Libraries/ImageFormats/unorm8_bgra.dylib
0x000000000773b000 	/System/Library/Frameworks/OpenCL.framework/Versions/A/Libraries/ImageFormats/unorm8_rgba.dylib
0x000000000773b000 	/System/Library/PrivateFrameworks/FamilyControls.framework/Versions/A/FamilyControls
0x000000000773b000 	/System/Library/PrivateFrameworks/CommerceKit.framework/Versions/A/Frameworks/CommerceCore.framework/Versions/A/CommerceCore
0x000000000773b000 	/System/Library/PrivateFrameworks/SystemAdministration.framework/Versions/A/SystemAdministration
0x000000000773b000 	/System/Library/PrivateFrameworks/AppContainer.framework/Versions/A/AppContainer
0x000000000773b000 	/System/Library/PrivateFrameworks/SecCodeWrapper.framework/Versions/A/SecCodeWrapper
0x000000000773b000 	/System/Library/Frameworks/DirectoryService.framework/Versions/A/DirectoryService
0x000000000773b000 	/System/Library/PrivateFrameworks/LoginUIKit.framework/Versions/A/Frameworks/LoginUICore.framework/Versions/A/LoginUICore
0x000000000773b000 	/usr/lib/libodfde.dylib
0x0000000123e2b000 	/Library/Java/JavaVirtualMachines/jdk1.8.0_40.jdk/Contents/Home/jre/lib/libfontmanager.dylib
0x000000000773b000 	/System/Library/Frameworks/OpenGL.framework/Versions/A/Resources/GLEngine.bundle/GLEngine
0x000000000773b000 	/System/Library/Frameworks/OpenGL.framework/Versions/A/Libraries/libGLProgrammability.dylib
0x0000000123e92000 	/System/Library/Extensions/GeForceTeslaGLDriver.bundle/Contents/MacOS/GeForceTeslaGLDriver
0x0000000125a52000 	/System/Library/Extensions/GeForceTeslaGLDriver.bundle/Contents/MacOS/libclh.dylib
0x000000000773b000 	/System/Library/PrivateFrameworks/GPUSupport.framework/Versions/A/Libraries/libGPUSupport.dylib
0x000000000773b000 	/System/Library/Frameworks/OpenGL.framework/Versions/A/Resources/GLRendererFloat.bundle/GLRendererFloat
0x0000000126682000 	/Library/Java/JavaVirtualMachines/jdk1.8.0_40.jdk/Contents/Home/jre/lib/libosxui.dylib
0x0000000128bc2000 	/Library/Java/JavaVirtualMachines/jdk1.8.0_40.jdk/Contents/Home/jre/lib/libnet.dylib
0x0000000128929000 	/Library/Java/JavaVirtualMachines/jdk1.8.0_40.jdk/Contents/Home/jre/lib/libnio.dylib

VM Arguments:
jvm_args: -agentlib:jdwp=transport=dt_socket,suspend=y,address=localhost:63405 -Dfile.encoding=UTF-8 
java_command: pe059.PE059
java_class_path (initial): /Users/maurice/Documents/workspace/pe059/bin:/Users/maurice/Documents/workspace/pe059/miglayout15-swing.jar:/Users/maurice/Documents/workspace/maurice/bin
Launcher Type: SUN_STANDARD

Environment Variables:
PATH=/usr/bin:/bin:/usr/sbin:/sbin
SHELL=/bin/bash
DISPLAY=/private/tmp/com.apple.launchd.GjBXXGz8zJ/org.macosforge.xquartz:0

Signal Handlers:
SIGSEGV: [libjvm.dylib+0x58ef95], sa_mask[0]=11111111011111110111111111111111, sa_flags=SA_ONSTACK|SA_RESTART|SA_SIGINFO
SIGBUS: [libjvm.dylib+0x58ef95], sa_mask[0]=11111111011111110111111111111111, sa_flags=SA_RESTART|SA_SIGINFO
SIGFPE: [libjvm.dylib+0x46c118], sa_mask[0]=11111111011111110111111111111111, sa_flags=SA_RESTART|SA_SIGINFO
SIGPIPE: [libjvm.dylib+0x46c118], sa_mask[0]=11111111011111110111111111111111, sa_flags=SA_RESTART|SA_SIGINFO
SIGXFSZ: [libjvm.dylib+0x46c118], sa_mask[0]=11111111011111110111111111111111, sa_flags=SA_RESTART|SA_SIGINFO
SIGILL: [libjvm.dylib+0x46c118], sa_mask[0]=11111111011111110111111111111111, sa_flags=SA_RESTART|SA_SIGINFO
SIGUSR1: SIG_DFL, sa_mask[0]=00000000000000000000000000000000, sa_flags=none
SIGUSR2: [libjvm.dylib+0x46bc36], sa_mask[0]=00100000000000000000000000000000, sa_flags=SA_RESTART|SA_SIGINFO
SIGHUP: [libjvm.dylib+0x46a209], sa_mask[0]=11111111011111110111111111111111, sa_flags=SA_RESTART|SA_SIGINFO
SIGINT: [libjvm.dylib+0x46a209], sa_mask[0]=11111111011111110111111111111111, sa_flags=SA_RESTART|SA_SIGINFO
SIGTERM: [libjvm.dylib+0x46a209], sa_mask[0]=11111111011111110111111111111111, sa_flags=SA_RESTART|SA_SIGINFO
SIGQUIT: [libjvm.dylib+0x46a209], sa_mask[0]=11111111011111110111111111111111, sa_flags=SA_RESTART|SA_SIGINFO


---------------  S Y S T E M  ---------------

OS:Bsduname:Darwin 15.4.0 Darwin Kernel Version 15.4.0: Fri Feb 26 22:08:05 PST 2016; root:xnu-3248.40.184~3/RELEASE_X86_64 x86_64
rlimit: STACK 8192k, CORE 0k, NPROC 266, NOFILE 10240, AS infinity
load average:2.00 2.03 2.10

CPU:total 2 (2 cores per cpu, 1 threads per core) family 6 model 23 stepping 10, cmov, cx8, fxsr, mmx, sse, sse2, sse3, ssse3, sse4.1, tsc

Memory: 4k page, physical 2097152k(15832k free)

/proc/meminfo:


vm_info: Java HotSpot(TM) 64-Bit Server VM (25.40-b25) for bsd-amd64 JRE (1.8.0_40-b27), built on Mar 13 2015 04:46:52 by "java_re" with gcc 4.2.1 (Based on Apple Inc. build 5658) (LLVM build 2336.11.00)

time: Sun Apr  3 10:54:31 2016
elapsed time: 1263 seconds (0d 0h 21m 3s)

